<?xml version="1.0" encoding="utf-8"?><testsuites name="pytest tests"><testsuite name="pytest" errors="0" failures="0" skipped="0" tests="7" time="4.777" timestamp="2026-09-04T04:56:54.211622+00:00" hostname="agent-env-8d165615-1a8c-42f2-b422-c533bf1d069e"><testcase classname="tests.test_nexus_ai.TestNexusAIEntitlement" name="test_status_returns_contracted_enabled" time="3.096" /><testcase classname="tests.test_nexus_ai.TestNexusAIEntitlement" name="test_manager_cannot_set_entitlement" time="0.062" /><testcase classname="tests.test_nexus_ai.TestNexusAIEntitlement" name="test_owner_enable_without_contract_400" time="0.620" /><testcase classname="tests.test_nexus_ai.TestNexusAIEntitlement" name="test_contracted_false_forces_enabled_false" time="0.214" /><testcase classname="tests.test_nexus_ai.TestNexusAIStaffRBAC" name="test_staff_forbidden_status" time="0.432" /><testcase classname="tests.test_nexus_ai.TestNexusAIStaffRBAC" name="test_staff_forbidden_conversations" time="0.102" /><testcase classname="tests.test_nexus_ai.TestNexusAIConversations" name="test_create_and_list_conversation" time="0.194" /></testsuite></testsuites>