<?xml version="1.0" encoding="utf-8"?><testsuites name="pytest tests"><testsuite name="pytest" errors="0" failures="0" skipped="0" tests="7" time="6.693" timestamp="2026-09-04T04:11:06.736997+00:00" hostname="agent-env-8d165615-1a8c-42f2-b422-c533bf1d069e"><testcase classname="tests.test_phase2_features.TestClientBirthday" name="test_set_birthday_and_read_back" time="3.573" /><testcase classname="tests.test_phase2_features.TestClientBirthday" name="test_upcoming_birthdays_lists_within_window" time="0.242" /><testcase classname="tests.test_phase2_features.TestBusinessType" name="test_update_business_type_persists" time="0.557" /><testcase classname="tests.test_phase2_features.TestServicePhotos" name="test_upload_two_and_reject_third" time="0.945" /><testcase classname="tests.test_phase2_features.TestRegressionSmoke" name="test_manager_login_and_dashboard_endpoints" time="0.232" /><testcase classname="tests.test_phase2_features.TestRegressionSmoke" name="test_owner_login" time="0.578" /><testcase classname="tests.test_phase2_features.TestRegressionSmoke" name="test_staff_login" time="0.501" /></testsuite></testsuites>