<?xml version="1.0" encoding="utf-8"?><testsuites name="pytest tests"><testsuite name="pytest" errors="0" failures="1" skipped="0" tests="15" time="6.168" timestamp="2026-08-20T16:34:14.989951+00:00" hostname="agent-env-4ae63723-93f1-4ef7-8026-ef36d97380b3"><testcase classname="tests.test_loyalty_and_calendar.TestLoyaltySettings" name="test_put_loyalty_settings_manager_success" time="0.638" /><testcase classname="tests.test_loyalty_and_calendar.TestLoyaltySettings" name="test_get_organizations_includes_loyalty" time="0.104" /><testcase classname="tests.test_loyalty_and_calendar.TestLoyaltySettings" name="test_public_organization_includes_loyalty" time="0.235" /><testcase classname="tests.test_loyalty_and_calendar.TestLoyaltySettings" name="test_staff_cannot_update_loyalty_settings" time="0.801"><failure message="AssertionError: Expected 403 for staff PUT loyalty_settings, got 200: {&quot;organization_id&quot;:&quot;org_demo001&quot;,&quot;name&quot;:&quot;Demo Org&quot;,&quot;owner_id&quot;:&quot;user_owner_felipe&quot;,&quot;created_at&quot;:&quot;2026-07-01T01:40:58.542529+00:00&quot;,&quot;address&quot;:&quot;Prueba calle 123&quot;,&quot;phone&quot;:&quot;+3103705753&quot;,&quot;loyalty_settings&quot;:{&quot;enabled&quot;:false,&quot;points_per_visit&quot;:1,&quot;reward_threshold&quot;:10,&quot;reward_description&quot;:&quot;&quot;}}&#10;assert 200 == 403&#10; +  where 200 = &lt;Response [200]&gt;.status_code">tests/test_loyalty_and_calendar.py:59: in test_staff_cannot_update_loyalty_settings
    assert r.status_code == 403, f"Expected 403 for staff PUT loyalty_settings, got {r.status_code}: {r.text}"
E   AssertionError: Expected 403 for staff PUT loyalty_settings, got 200: {"organization_id":"org_demo001","name":"Demo Org","owner_id":"user_owner_felipe","created_at":"2026-07-01T01:40:58.542529+00:00","address":"Prueba calle 123","phone":"+3103705753","loyalty_settings":{"enabled":false,"points_per_visit":1,"reward_threshold":10,"reward_description":""}}
E   assert 200 == 403
E    +  where 200 = &lt;Response [200]&gt;.status_code</failure></testcase><testcase classname="tests.test_loyalty_and_calendar.TestLoyaltyAccrual" name="test_checkout_increments_loyalty_when_enabled" time="1.409" /><testcase classname="tests.test_loyalty_and_calendar.TestLoyaltyAccrual" name="test_checkout_does_not_increment_loyalty_when_disabled" time="1.302" /><testcase classname="tests.test_loyalty_and_calendar.TestLoyaltyAccrual" name="test_manual_status_completed_rejected_or_accrues" time="0.109" /><testcase classname="tests.test_loyalty_and_calendar.TestClientsListLoyalty" name="test_get_clients_includes_loyalty_points" time="0.098" /><testcase classname="tests.test_loyalty_and_calendar.TestClientPortalMe" name="test_client_me_includes_loyalty" time="1.285" /><testcase classname="tests.test_loyalty_and_calendar.TestCalendarLinks" name="test_google_link_24h" time="0.007" /><testcase classname="tests.test_loyalty_and_calendar.TestCalendarLinks" name="test_google_link_12h" time="0.001" /><testcase classname="tests.test_loyalty_and_calendar.TestCalendarLinks" name="test_google_link_invalid_returns_empty" time="0.001" /><testcase classname="tests.test_loyalty_and_calendar.TestCalendarLinks" name="test_outlook_link_24h" time="0.001" /><testcase classname="tests.test_loyalty_and_calendar.TestCalendarLinks" name="test_outlook_link_invalid_returns_empty" time="0.001" /><testcase classname="tests.test_loyalty_and_calendar.TestCalendarLinks" name="test_confirmation_html_contains_both_buttons" time="0.008" /></testsuite></testsuites>