<?xml version="1.0" encoding="utf-8"?><testsuites name="pytest tests"><testsuite name="pytest" errors="0" failures="0" skipped="0" tests="6" time="3.895" timestamp="2026-09-04T03:40:38.497998+00:00" hostname="agent-env-8d165615-1a8c-42f2-b422-c533bf1d069e"><testcase classname="tests.test_self_service_and_low_stock.TestSelfServiceOnboarding" name="test_self_service_full_flow" time="1.771" /><testcase classname="tests.test_self_service_and_low_stock.TestSelfServiceOnboarding" name="test_self_service_second_call_forbidden" time="1.029" /><testcase classname="tests.test_self_service_and_low_stock.TestSelfServiceOnboarding" name="test_existing_manager_forbidden" time="0.451" /><testcase classname="tests.test_self_service_and_low_stock.TestRegression" name="test_inventory_reorder_alerts_still_works" time="0.511" /><testcase classname="tests.test_self_service_and_low_stock.TestRegression" name="test_organization_notification_settings_preserved" time="0.090" /><testcase classname="tests.test_self_service_and_low_stock.TestLowStockDaemonSmoke" name="test_index_exists" time="0.003" /></testsuite></testsuites>